<?xml version="1.0" encoding="UTF-8"?>
<!-- Generated by org.testng.reporters.JUnitReportReporter -->
<testsuite hostname="Simba" failures="0" tests="1" name="com.testing.mytube.Excercise1" time="16.274" errors="0" timestamp="2022-01-04T12:55:51 IST" skipped="0">
  <testcase classname="com.testing.mytube.Excercise1" name="test" time="16.274"/>
  <system-out/>
</testsuite> <!-- com.testing.mytube.Excercise1 -->
