<?xml version="1.0" encoding="UTF-8"?>
<!-- Generated by org.testng.reporters.JUnitReportReporter -->
<testsuite hostname="Simba" failures="0" tests="1" name="com.testing.excercise5.AppTest" time="8.750" errors="0" timestamp="2022-01-03T13:58:37 IST" skipped="0">
  <testcase classname="com.testing.excercise5.AppTest" name="test001" time="8.750"/>
  <system-out/>
</testsuite> <!-- com.testing.excercise5.AppTest -->
