<?xml version="1.0" encoding="UTF-8"?>
<!-- Generated by org.testng.reporters.JUnitReportReporter -->
<testsuite hostname="Simba" failures="0" tests="1" name="com.testing.facebook.TestFb" time="8.511" errors="0" timestamp="2022-01-04T13:44:01 IST" skipped="0">
  <testcase classname="com.testing.facebook.TestFb" name="test001" time="8.511"/>
  <system-out/>
</testsuite> <!-- com.testing.facebook.TestFb -->
